TN:
SF:/root/C7_BrickGame_v1.0-1/src/brick_game/tetris/tetris.c
FN:12,userInput
FNDA:8,userInput
FN:52,clockwiseRotation
FNDA:2,clockwiseRotation
FN:91,removeGame
FNDA:10,removeGame
FN:97,movingLeft
FNDA:2,movingLeft
FN:105,movingRight
FNDA:2,movingRight
FN:113,movingDown
FNDA:3,movingDown
FN:135,replacingFigure
FNDA:2,replacingFigure
FN:152,checkingCollision
FNDA:15,checkingCollision
FN:165,clearing
FNDA:29,clearing
FN:176,copyMatrix
FNDA:23,copyMatrix
FN:197,endOfTime
FNDA:2,endOfTime
FN:206,updateCurrentState
FNDA:8,updateCurrentState
FN:216,settingSpeed
FNDA:9,settingSpeed
FN:220,raisingLevel
FNDA:18,raisingLevel
FN:243,scoringPoints
FNDA:4,scoringPoints
FN:259,deletingLine
FNDA:2,deletingLine
FN:278,offsetPerLine
FNDA:7,offsetPerLine
FN:287,initializingGame
FNDA:10,initializingGame
FN:299,drawingFigureOnField
FNDA:45,drawingFigureOnField
FN:322,creatingFigure
FNDA:24,creatingFigure
FN:356,drawingShape
FNDA:22,drawingShape
FN:386,generatingRandomNumber
FNDA:21,generatingRandomNumber
FN:392,creatingMatrix
FNDA:121,creatingMatrix
FN:428,bordersMatrix
FNDA:18,bordersMatrix
FN:445,removeMatrix
FNDA:123,removeMatrix
DA:12,8
DA:13,8
DA:14,0
DA:15,8
DA:17,1
DA:18,1
DA:19,1
DA:21,2
DA:22,2
DA:23,1
DA:24,1
DA:25,1
DA:26,2
DA:28,1
DA:29,1
DA:30,1
DA:31,1
DA:33,1
DA:34,1
DA:35,1
DA:37,1
DA:38,1
DA:39,1
DA:41,1
DA:42,1
DA:43,1
DA:45,1
DA:46,1
DA:47,1
DA:50,8
DA:52,2
DA:54,2
DA:55,2
DA:56,0
DA:59,2
DA:60,0
DA:62,8
DA:63,24
DA:64,18
DA:65,2
DA:66,0
DA:67,2
DA:68,0
DA:70,2
DA:71,2
DA:72,2
DA:73,2
DA:74,2
DA:75,0
DA:77,2
DA:78,0
DA:80,2
DA:81,0
DA:83,2
DA:86,2
DA:88,2
DA:91,10
DA:92,10
DA:93,10
DA:94,10
DA:95,10
DA:97,2
DA:98,4
DA:99,2
DA:100,2
DA:101,2
DA:103,2
DA:105,2
DA:106,4
DA:107,2
DA:108,2
DA:109,2
DA:111,2
DA:113,3
DA:114,3
DA:115,3
DA:116,3
DA:117,3
DA:118,0
DA:119,0
DA:120,0
DA:121,0
DA:122,0
DA:123,0
DA:124,0
DA:126,0
DA:127,0
DA:128,0
DA:129,0
DA:133,3
DA:135,2
DA:136,2
DA:137,2
DA:138,1
DA:139,0
DA:140,0
DA:142,1
DA:143,1
DA:144,1
DA:145,1
DA:148,1
DA:149,2
DA:152,15
DA:153,15
DA:156,15
DA:157,15
DA:158,15
DA:159,15
DA:160,15
DA:162,15
DA:165,29
DA:166,29
DA:167,25
DA:168,99
DA:169,296
DA:170,222
DA:171,217
DA:172,96
DA:174,29
DA:176,23
DA:177,23
DA:178,23
DA:179,3
DA:180,3
DA:182,20
DA:183,20
DA:184,20
DA:185,1
DA:187,362
DA:188,4354
DA:189,4011
DA:194,23
DA:197,2
DA:198,2
DA:199,1
DA:200,1
DA:201,1
DA:203,1
DA:206,8
DA:207,8
DA:208,8
DA:209,8
DA:210,8
DA:211,8
DA:213,8
DA:216,9
DA:217,9
DA:218,9
DA:220,18
DA:221,18
DA:222,9
DA:223,9
DA:224,1
DA:225,8
DA:226,1
DA:227,7
DA:228,1
DA:229,6
DA:230,1
DA:231,5
DA:232,1
DA:233,4
DA:234,1
DA:235,3
DA:236,1
DA:237,2
DA:238,1
DA:239,1
DA:240,1
DA:241,18
DA:243,4
DA:244,4
DA:245,1
DA:246,1
DA:247,1
DA:248,1
DA:249,1
DA:250,1
DA:251,1
DA:252,1
DA:253,1
DA:254,1
DA:255,1
DA:257,4
DA:259,2
DA:260,2
DA:261,13
DA:262,11
DA:263,24
DA:264,21
DA:265,13
DA:267,8
DA:269,11
DA:270,3
DA:271,3
DA:272,3
DA:275,2
DA:278,7
DA:279,17
DA:280,50
DA:281,40
DA:284,7
DA:287,10
DA:288,10
DA:289,10
DA:290,10
DA:291,10
DA:292,10
DA:293,10
DA:294,10
DA:295,10
DA:296,10
DA:299,45
DA:300,45
DA:301,43
DA:302,42
DA:303,40
DA:304,5
DA:306,5
DA:308,143
DA:309,430
DA:310,327
DA:311,160
DA:312,160
DA:313,6
DA:315,154
DA:319,34
DA:322,24
DA:323,24
DA:324,2
DA:325,2
DA:327,22
DA:328,22
DA:329,0
DA:330,0
DA:331,0
DA:332,0
DA:333,0
DA:334,0
DA:335,22
DA:340,22
DA:343,22
DA:344,22
DA:345,22
DA:346,22
DA:347,22
DA:349,0
DA:351,0
DA:353,22
DA:356,22
DA:357,88
DA:358,264
DA:359,198
DA:360,0
DA:362,0
DA:363,0
DA:364,99
DA:365,99
DA:366,99
DA:367,90
DA:368,90
DA:369,40
DA:370,90
DA:371,0
DA:372,0
DA:373,0
DA:374,0
DA:375,0
DA:376,0
DA:377,0
DA:378,9
DA:379,9
DA:380,4
DA:384,22
DA:386,21
DA:387,21
DA:389,21
DA:392,121
DA:393,121
DA:394,121
DA:395,4
DA:396,4
DA:398,117
DA:399,117
DA:400,0
DA:401,0
DA:405,1371
DA:406,1254
DA:407,1254
DA:408,0
DA:409,0
DA:412,0
DA:413,0
DA:415,0
DA:416,0
DA:417,0
DA:418,0
DA:422,117
DA:423,117
DA:425,121
DA:428,18
DA:429,18
DA:430,16
DA:431,2
DA:432,2
DA:434,310
DA:435,3802
DA:436,3508
DA:437,2872
DA:438,898
DA:442,16
DA:445,123
DA:446,123
DA:447,118
DA:448,6
DA:449,6
DA:451,1371
DA:452,1254
DA:454,117
DA:455,117
DA:456,117
DA:457,117
end_of_record
TN:
SF:/root/C7_BrickGame_v1.0-1/src/brick_game/tetris/tests/tests.c
FN:6,creatingMatrix_1_fn
FNDA:1,creatingMatrix_1_fn
FN:12,creatingMatrix_2_fn
FNDA:1,creatingMatrix_2_fn
FN:19,creatingMatrix_3_fn
FNDA:1,creatingMatrix_3_fn
FN:26,creatingMatrix_4_fn
FNDA:1,creatingMatrix_4_fn
FN:35,removeMatrix_1_fn
FNDA:1,removeMatrix_1_fn
FN:42,removeMatrix_2_fn
FNDA:1,removeMatrix_2_fn
FN:49,removeMatrix_3_fn
FNDA:1,removeMatrix_3_fn
FN:60,removeMatrix_4_fn
FNDA:1,removeMatrix_4_fn
FN:71,removeMatrix_5_fn
FNDA:1,removeMatrix_5_fn
FN:80,bordersMatrix_1_fn
FNDA:1,bordersMatrix_1_fn
FN:86,bordersMatrix_2_fn
FNDA:1,bordersMatrix_2_fn
FN:93,bordersMatrix_3_fn
FNDA:1,bordersMatrix_3_fn
FN:104,creatingFigure_1_fn
FNDA:1,creatingFigure_1_fn
FN:110,creatingFigure_2_fn
FNDA:1,creatingFigure_2_fn
FN:117,creatingFigure_3_fn
FNDA:1,creatingFigure_3_fn
FN:126,drawingFigureOnField_1_fn
FNDA:1,drawingFigureOnField_1_fn
FN:135,drawingFigureOnField_2_fn
FNDA:1,drawingFigureOnField_2_fn
FN:144,drawingFigureOnField_3_fn
FNDA:1,drawingFigureOnField_3_fn
FN:155,drawingFigureOnField_4_fn
FNDA:1,drawingFigureOnField_4_fn
FN:166,drawingFigureOnField_5_fn
FNDA:1,drawingFigureOnField_5_fn
FN:177,drawingFigureOnField_6_fn
FNDA:1,drawingFigureOnField_6_fn
FN:194,drawingFigureOnField_7_fn
FNDA:1,drawingFigureOnField_7_fn
FN:211,drawingFigureOnField_8_fn
FNDA:1,drawingFigureOnField_8_fn
FN:228,drawingFigureOnField_9_fn
FNDA:1,drawingFigureOnField_9_fn
FN:239,drawingFigureOnField_10_fn
FNDA:1,drawingFigureOnField_10_fn
FN:257,movingLeft_1_fn
FNDA:1,movingLeft_1_fn
FN:281,movingRight_1_fn
FNDA:1,movingRight_1_fn
FN:305,checkingCollision_1_fn
FNDA:1,checkingCollision_1_fn
FN:332,copyMatrix_1_fn
FNDA:1,copyMatrix_1_fn
FN:353,copyMatrix_2_fn
FNDA:1,copyMatrix_2_fn
FN:362,copyMatrix_3_fn
FNDA:1,copyMatrix_3_fn
FN:371,copyMatrix_4_fn
FNDA:1,copyMatrix_4_fn
FN:386,copyMatrix_5_fn
FNDA:1,copyMatrix_5_fn
FN:405,initializingGame_1_fn
FNDA:1,initializingGame_1_fn
FN:427,endOfTime_1_fn
FNDA:1,endOfTime_1_fn
FN:437,endOfTime_2_fn
FNDA:1,endOfTime_2_fn
FN:447,clearing_1_fn
FNDA:1,clearing_1_fn
FN:455,clearing_2_fn
FNDA:1,clearing_2_fn
FN:463,clearing_3_fn
FNDA:1,clearing_3_fn
FN:473,clearing_4_fn
FNDA:1,clearing_4_fn
FN:483,clearing_5_fn
FNDA:1,clearing_5_fn
FN:494,replacingFigure_1_fn
FNDA:1,replacingFigure_1_fn
FN:502,replacingFigure_2_fn
FNDA:1,replacingFigure_2_fn
FN:509,settingSpeed_1_fn
FNDA:1,settingSpeed_1_fn
FN:518,raisingLevel_1_fn
FNDA:1,raisingLevel_1_fn
FN:530,scoringPoints_1_fn
FNDA:1,scoringPoints_1_fn
FN:553,offsetPerLine_1_fn
FNDA:1,offsetPerLine_1_fn
FN:566,offsetPerLine_2_fn
FNDA:1,offsetPerLine_2_fn
FN:578,offsetPerLine_3_fn
FNDA:1,offsetPerLine_3_fn
FN:588,offsetPerLine_4_fn
FNDA:1,offsetPerLine_4_fn
FN:599,deletingLine_1_fn
FNDA:1,deletingLine_1_fn
FN:617,deletingLine_2_fn
FNDA:1,deletingLine_2_fn
FN:639,movingDown_1_fn
FNDA:1,movingDown_1_fn
FN:663,userInput_1_fn
FNDA:1,userInput_1_fn
FN:675,clockwiseRotation_1_fn
FNDA:1,clockwiseRotation_1_fn
FN:686,test_creatingMatrix
FNDA:56,test_creatingMatrix
FN:699,test_removeMatrix
FNDA:56,test_removeMatrix
FN:713,test_bordersMatrix
FNDA:56,test_bordersMatrix
FN:725,test_creatingFigure
FNDA:56,test_creatingFigure
FN:737,test_endOfTime
FNDA:56,test_endOfTime
FN:748,test_drawingFigureOnField
FNDA:56,test_drawingFigureOnField
FN:767,test_initializingGame
FNDA:56,test_initializingGame
FN:777,test_checkingCollision
FNDA:56,test_checkingCollision
FN:787,test_copyMatrix
FNDA:56,test_copyMatrix
FN:801,test_clearing
FNDA:56,test_clearing
FN:815,test_replacingFigure
FNDA:56,test_replacingFigure
FN:826,test_settingSpeed
FNDA:56,test_settingSpeed
FN:836,test_raisingLevel
FNDA:56,test_raisingLevel
FN:846,test_scoringPoints
FNDA:56,test_scoringPoints
FN:856,test_offsetPerLine
FNDA:56,test_offsetPerLine
FN:869,test_deletingLine
FNDA:56,test_deletingLine
FN:880,test_movingLeftRightDown
FNDA:56,test_movingLeftRightDown
FN:892,test_clockwiseRotation
FNDA:56,test_clockwiseRotation
FN:902,test_userInput
FNDA:56,test_userInput
FN:912,main
FNDA:56,main
DA:6,1
DA:7,1
DA:8,1
DA:9,1
DA:12,1
DA:14,1
DA:15,1
DA:16,1
DA:19,1
DA:21,1
DA:22,1
DA:23,1
DA:26,1
DA:28,1
DA:29,1
DA:30,1
DA:31,1
DA:35,1
DA:36,1
DA:37,1
DA:38,1
DA:39,1
DA:42,1
DA:43,1
DA:44,1
DA:45,1
DA:46,1
DA:49,1
DA:51,1
DA:52,1
DA:53,1
DA:54,1
DA:55,1
DA:56,1
DA:57,1
DA:60,1
DA:62,1
DA:63,1
DA:64,1
DA:65,1
DA:66,1
DA:67,1
DA:68,1
DA:71,1
DA:73,1
DA:74,1
DA:75,1
DA:76,1
DA:80,1
DA:81,1
DA:82,1
DA:83,1
DA:86,1
DA:87,1
DA:88,1
DA:89,1
DA:90,1
DA:93,1
DA:95,1
DA:96,1
DA:97,1
DA:98,1
DA:99,1
DA:104,1
DA:105,1
DA:106,1
DA:107,1
DA:110,1
DA:112,1
DA:113,1
DA:114,1
DA:117,1
DA:119,1
DA:120,1
DA:121,1
DA:122,1
DA:126,1
DA:128,1
DA:129,1
DA:130,1
DA:131,1
DA:132,1
DA:135,1
DA:137,1
DA:138,1
DA:139,1
DA:140,1
DA:141,1
DA:144,1
DA:146,1
DA:147,1
DA:148,1
DA:149,1
DA:150,1
DA:151,1
DA:152,1
DA:155,1
DA:157,1
DA:158,1
DA:159,1
DA:160,1
DA:161,1
DA:162,1
DA:163,1
DA:166,1
DA:168,1
DA:169,1
DA:170,1
DA:171,1
DA:172,1
DA:173,1
DA:174,1
DA:177,1
DA:179,1
DA:180,1
DA:181,1
DA:182,5
DA:183,20
DA:184,16
DA:187,1
DA:188,1
DA:189,1
DA:190,1
DA:191,1
DA:194,1
DA:196,1
DA:197,1
DA:198,1
DA:199,5
DA:200,20
DA:201,16
DA:204,1
DA:205,1
DA:206,1
DA:207,1
DA:208,1
DA:211,1
DA:213,1
DA:214,1
DA:215,1
DA:216,5
DA:217,20
DA:218,16
DA:221,1
DA:222,1
DA:223,1
DA:224,1
DA:225,1
DA:228,1
DA:230,1
DA:231,1
DA:232,1
DA:233,1
DA:234,1
DA:235,1
DA:236,1
DA:239,1
DA:241,1
DA:242,1
DA:243,1
DA:244,5
DA:245,20
DA:246,16
DA:249,1
DA:250,1
DA:251,1
DA:252,1
DA:253,1
DA:257,1
DA:258,1
DA:259,1
DA:261,1
DA:262,23
DA:263,286
DA:264,264
DA:267,1
DA:268,1
DA:269,21
DA:270,220
DA:271,200
DA:272,4
DA:275,1
DA:276,1
DA:277,1
DA:281,1
DA:282,1
DA:283,1
DA:285,1
DA:286,23
DA:287,286
DA:288,264
DA:291,1
DA:292,1
DA:293,21
DA:294,220
DA:295,200
DA:296,4
DA:299,1
DA:300,1
DA:301,1
DA:305,1
DA:306,1
DA:308,1
DA:309,3
DA:310,8
DA:311,6
DA:314,1
DA:315,1
DA:316,1
DA:317,1
DA:318,1
DA:319,1
DA:320,1
DA:321,1
DA:322,1
DA:323,1
DA:324,1
DA:325,1
DA:326,1
DA:327,1
DA:328,1
DA:332,1
DA:334,1
DA:335,1
DA:336,5
DA:337,28
DA:338,24
DA:341,1
DA:342,3
DA:343,8
DA:344,6
DA:347,1
DA:348,1
DA:349,1
DA:350,1
DA:353,1
DA:355,1
DA:356,1
DA:357,1
DA:358,1
DA:359,1
DA:362,1
DA:364,1
DA:365,1
DA:366,1
DA:367,1
DA:368,1
DA:371,1
DA:373,1
DA:374,1
DA:375,5
DA:376,28
DA:377,24
DA:380,1
DA:381,1
DA:382,1
DA:383,1
DA:386,1
DA:388,1
DA:389,1
DA:390,5
DA:391,28
DA:392,24
DA:395,1
DA:396,1
DA:397,1
DA:398,1
DA:399,1
DA:400,1
DA:401,1
DA:405,1
DA:406,1
DA:409,1
DA:410,1
DA:411,1
DA:412,1
DA:413,1
DA:414,23
DA:415,286
DA:416,264
DA:419,1
DA:420,1
DA:421,1
DA:422,1
DA:423,1
DA:427,1
DA:428,1
DA:429,1
DA:430,1
DA:431,1
DA:432,1
DA:433,1
DA:434,1
DA:437,1
DA:438,1
DA:439,1
DA:440,1
DA:441,1
DA:442,1
DA:443,1
DA:447,1
DA:449,1
DA:450,1
DA:451,1
DA:452,1
DA:455,1
DA:457,1
DA:458,1
DA:459,1
DA:460,1
DA:463,1
DA:465,1
DA:466,1
DA:467,1
DA:468,1
DA:469,1
DA:470,1
DA:473,1
DA:475,1
DA:476,1
DA:477,1
DA:478,1
DA:479,1
DA:480,1
DA:483,1
DA:485,1
DA:486,1
DA:487,1
DA:488,1
DA:489,1
DA:490,1
DA:494,1
DA:495,1
DA:496,1
DA:497,1
DA:498,1
DA:499,1
DA:502,1
DA:503,1
DA:504,1
DA:505,1
DA:509,1
DA:511,1
DA:512,1
DA:513,1
DA:514,1
DA:518,1
DA:520,1
DA:521,11
DA:522,10
DA:523,10
DA:524,10
DA:526,1
DA:530,1
DA:532,1
DA:533,5
DA:534,4
DA:535,4
DA:536,1
DA:537,1
DA:538,1
DA:539,1
DA:540,1
DA:541,1
DA:542,1
DA:543,1
DA:544,1
DA:545,1
DA:546,1
DA:549,1
DA:553,1
DA:555,1
DA:556,7
DA:557,1
DA:558,5
DA:559,4
DA:560,4
DA:562,1
DA:563,1
DA:566,1
DA:568,1
DA:569,7
DA:570,1
DA:571,7
DA:572,6
DA:574,1
DA:575,1
DA:578,1
DA:580,1
DA:581,7
DA:582,1
DA:583,7
DA:584,1
DA:585,1
DA:588,1
DA:590,1
DA:591,7
DA:592,1
DA:593,5
DA:594,1
DA:595,1
DA:599,1
DA:601,1
DA:602,5
DA:603,4
DA:604,4
DA:606,1
DA:607,1
DA:609,5
DA:610,4
DA:611,4
DA:613,1
DA:614,1
DA:617,1
DA:619,1
DA:620,5
DA:621,4
DA:622,4
DA:624,1
DA:625,1
DA:626,1
DA:628,5
DA:629,4
DA:630,1
DA:632,3
DA:634,1
DA:635,1
DA:639,1
DA:640,1
DA:641,1
DA:643,1
DA:644,23
DA:645,286
DA:646,264
DA:649,1
DA:650,1
DA:651,21
DA:652,220
DA:653,200
DA:654,4
DA:657,1
DA:658,1
DA:659,1
DA:663,1
DA:664,1
DA:665,1
DA:666,1
DA:667,1
DA:668,1
DA:669,1
DA:670,1
DA:671,1
DA:672,1
DA:675,1
DA:676,1
DA:677,1
DA:678,1
DA:679,1
DA:680,1
DA:686,56
DA:687,56
DA:688,56
DA:690,56
DA:691,56
DA:692,56
DA:693,56
DA:695,56
DA:696,56
DA:699,56
DA:700,56
DA:701,56
DA:703,56
DA:704,56
DA:705,56
DA:706,56
DA:707,56
DA:709,56
DA:710,56
DA:713,56
DA:714,56
DA:715,56
DA:717,56
DA:718,56
DA:719,56
DA:721,56
DA:722,56
DA:725,56
DA:726,56
DA:727,56
DA:729,56
DA:730,56
DA:731,56
DA:733,56
DA:734,56
DA:737,56
DA:738,56
DA:739,56
DA:741,56
DA:742,56
DA:744,56
DA:745,56
DA:748,56
DA:749,56
DA:750,56
DA:752,56
DA:753,56
DA:754,56
DA:755,56
DA:756,56
DA:757,56
DA:758,56
DA:759,56
DA:760,56
DA:761,56
DA:763,56
DA:764,56
DA:767,56
DA:768,56
DA:769,56
DA:771,56
DA:773,56
DA:774,56
DA:777,56
DA:778,56
DA:779,56
DA:781,56
DA:783,56
DA:784,56
DA:787,56
DA:788,56
DA:789,56
DA:791,56
DA:792,56
DA:793,56
DA:794,56
DA:795,56
DA:797,56
DA:798,56
DA:801,56
DA:802,56
DA:803,56
DA:805,56
DA:806,56
DA:807,56
DA:808,56
DA:809,56
DA:811,56
DA:812,56
DA:815,56
DA:816,56
DA:817,56
DA:819,56
DA:820,56
DA:822,56
DA:823,56
DA:826,56
DA:827,56
DA:828,56
DA:830,56
DA:832,56
DA:833,56
DA:836,56
DA:837,56
DA:838,56
DA:840,56
DA:842,56
DA:843,56
DA:846,56
DA:847,56
DA:848,56
DA:850,56
DA:852,56
DA:853,56
DA:856,56
DA:857,56
DA:858,56
DA:860,56
DA:861,56
DA:862,56
DA:863,56
DA:865,56
DA:866,56
DA:869,56
DA:870,56
DA:871,56
DA:873,56
DA:874,56
DA:876,56
DA:877,56
DA:880,56
DA:881,56
DA:882,56
DA:884,56
DA:885,56
DA:886,56
DA:888,56
DA:889,56
DA:892,56
DA:893,56
DA:894,56
DA:896,56
DA:898,56
DA:899,56
DA:902,56
DA:903,56
DA:904,56
DA:906,56
DA:908,56
DA:909,56
DA:912,56
DA:913,56
DA:915,56
DA:916,56
DA:917,56
DA:918,56
DA:919,56
DA:920,56
DA:921,56
DA:922,56
DA:923,56
DA:924,56
DA:925,56
DA:926,56
DA:927,56
DA:928,56
DA:929,56
DA:930,56
DA:931,56
DA:932,56
DA:933,56
DA:936,463
DA:937,462
DA:938,462
DA:939,407
DA:940,407
DA:943,1
DA:944,1
DA:946,0
DA:948,1
end_of_record
